<?xml version="1.0" encoding="UTF-8"?>
<!-- Generated by org.testng.reporters.JUnitReportReporter -->
<testsuite hostname="NODE351" name="com.gspann.Gmailemail" tests="1" failures="0" timestamp="2 Aug 2016 04:14:29 GMT" time="33.857" errors="0">
  <testcase name="gmail" time="33.857" classname="com.gspann.Gmailemail"/>
</testsuite> <!-- com.gspann.Gmailemail -->
