<?xml version="1.0" encoding="UTF-8"?>
<!-- Generated by org.testng.reporters.JUnitReportReporter -->
<testsuite hostname="NODE351" name="com.gspann.Flipkart" tests="1" failures="0" timestamp="10 Aug 2016 06:12:37 GMT" time="245.502" errors="0">
  <testcase name="jeans" time="245.502" classname="com.gspann.Flipkart"/>
</testsuite> <!-- com.gspann.Flipkart -->
